透明度：80 255 1.0

透明度：110 255 1.0

透明度：150 255 1.0

透明度：190 255 1.0

透明度：240 255 1.0

透明度：280 255 1.0

透明度：320 255 1.0

透明度：360 255 1.0

透明度：410 255 1.0

透明度：450 255 1.0

透明度：490 255 1.0

透明度：530 255 1.0

透明度：580 255 1.0

透明度：620 255 1.0

透明度：660 255 1.0

透明度：700 255 1.0

透明度：740 255 1.0

透明度：790 255 1.0

透明度：830 255 1.0

透明度：870 255 1.0

透明度：920 255 1.0

透明度：960 255 1.0

透明度：1000 255 1.0

透明度：1040 255 1.0

透明度：1080 255 1.0

透明度：1130 255 1.0

透明度：1170 255 1.0

透明度：1210 255 1.0

透明度：1250 255 1.0

透明度：1300 255 1.0

透明度：253255 0 1.0

透明度：249255 0 1.0

透明度：245255 0 1.0

透明度：240255 0 1.0

透明度：236255 0 1.0

透明度：232255 0 1.0

透明度：228255 0 1.0

透明度：223255 0 1.0

透明度：219255 0 1.0

透明度：215255 0 1.0

透明度：211255 0 1.0

透明度：206255 0 1.0

透明度：202255 0 1.0

透明度：198255 0 1.0

透明度：194255 0 1.0

透明度：189255 0 1.0

透明度：185255 0 1.0

透明度：180255 0 1.0

透明度：176255 0 1.0

透明度：172255 0 1.0

透明度：168255 0 1.0

透明度：164255 0 1.0

透明度：160255 0 1.0

透明度：155255 0 1.0

透明度：151255 0 1.0

透明度：147255 0 1.0

透明度：143255 0 1.0

透明度：138255 0 1.0

透明度：134255 0 1.0

透明度：130255 0 1.0

透明度：125255 0 1.0

透明度：121255 0 1.0

透明度：117255 0 1.0

透明度：113255 0 1.0

透明度：109255 0 1.0

透明度：104255 0 1.0

透明度：100255 0 1.0

透明度：96255 0 1.0

透明度：92255 0 1.0

透明度：87255 0 1.0

透明度：82255 0 1.0

透明度：79255 0 1.0

透明度：75255 0 1.0

透明度：70255 0 1.0

透明度：66255 0 1.0

透明度：62255 0 1.0

透明度：58255 0 1.0

透明度：53255 0 1.0

透明度：49255 0 1.0

透明度：45255 0 1.0

透明度：41255 0 1.0

透明度：36255 0 1.0

透明度：32255 0 1.0

透明度：28255 0 1.0

透明度：24255 0 1.0

透明度：19255 0 1.0

透明度：15255 0 1.0

透明度：8255 0 1.0

透明度：7255 0 1.0

透明度：2255 0 1.0

