#
# An unexpected error has been detected by Java Runtime Environment:
#
#  EXCEPTION_ACCESS_VIOLATION (0xc0000005) at pc=0x5217360e, pid=3524, tid=8784
#
# Java VM: Java HotSpot(TM) Client VM (11.0-b15 mixed mode, sharing windows-x86)
# Problematic frame:
# C  [ig9icd32.dll+0x65360e]
#
# If you would like to submit a bug report, please visit:
#   http://java.sun.com/webapps/bugreport/crash.jsp
# The crash happened outside the Java Virtual Machine in native code.
# See problematic frame for where to report the bug.
#

---------------  T H R E A D  ---------------

Current thread (0x04b52800):  JavaThread "LWJGL Application" [_thread_in_native, id=8784, stack(0x051b0000,0x05200000)]

siginfo: ExceptionCode=0xc0000005, writing address 0x00000000

Registers:
EAX=0x00000000, EBX=0x0000000d, ECX=0x00000000, EDX=0xdec04342
ESP=0x051fe688, EBP=0x051fe698, ESI=0x66022f50, EDI=0x051fe6d4
EIP=0x5217360e, EFLAGS=0x00010216

Top of Stack: (sp=0x051fe688)
0x051fe688:   051fe6cc 66022f50 00000000 dec04342
0x051fe698:   051fe6b0 52172bcd 0000000d 00000004
0x051fe6a8:   051fe744 205b1ad8 051fe720 52173da6
0x051fe6b8:   051fe6d4 05dd4720 556766e0 1ac3d9b8
0x051fe6c8:   205b1b98 051fe6d4 66022f50 00000000
0x051fe6d8:   00000000 00040000 00000000 00000000
0x051fe6e8:   00000000 00000000 00000000 00000000
0x051fe6f8:   00000000 00000000 0000000f 00000000 

Instructions: (pc=0x5217360e)
0x521735fe:   04 51 50 8b cf e8 58 24 0c 00 8b 55 fc 8b 47 04
0x5217360e:   89 10 83 47 04 04 8b 46 04 5f 85 c0 74 1d b9 20 


Stack: [0x051b0000,0x05200000],  sp=0x051fe688,  free space=313k
Native frames: (J=compiled Java code, j=interpreted, Vv=VM code, C=native code)
C  [ig9icd32.dll+0x65360e]
C  [ig9icd32.dll+0x652bcd]
C  [ig9icd32.dll+0x653da6]
C  [ig9icd32.dll+0x6500ed]
C  [ig9icd32.dll+0x5e09f7]
C  [ig9icd32.dll+0x598c40]
C  [ig9icd32.dll+0x1a901a]
C  [ig9icd32.dll+0x1a8ec0]
C  [ig9icd32.dll+0x19f6bf]
C  [ig9icd32.dll+0x1ada50]
C  [ig9icd32.dll+0x1adbc1]
C  [ig9icd32.dll+0x272953]
C  [ig9icd32.dll+0x33f7b7]
C  [lwjgl.dll+0x8389]
J  com.badlogic.gdx.graphics.glutils.ShaderProgram.linkProgram()I
J  com.badlogic.gdx.graphics.glutils.ShaderProgram.compileShaders(Ljava/lang/String;Ljava/lang/String;)V
J  com.badlogic.gdx.graphics.glutils.ShaderProgram.<init>(Ljava/lang/String;Ljava/lang/String;)V
J  com.badlogic.gdx.graphics.glutils.ShapeRenderer.<init>(I)V
J  com.xl.gobang.view.ChessBoardView.draw(Lcom/badlogic/gdx/graphics/g2d/Batch;F)V
J  com.badlogic.gdx.scenes.scene2d.Group.drawChildren(Lcom/badlogic/gdx/graphics/g2d/Batch;F)V
J  com.badlogic.gdx.scenes.scene2d.Stage.draw()V
J  com.xl.gdx.XLGame.render()V
j  com.badlogic.gdx.backends.lwjgl.LwjglApplication.mainLoop()V+619
j  com.badlogic.gdx.backends.lwjgl.LwjglApplication$1.run()V+27
v  ~StubRoutines::call_stub

Java frames: (J=compiled Java code, j=interpreted, Vv=VM code)
J  org.lwjgl.opengl.GL20.nglLinkProgram(IJ)V
J  com.badlogic.gdx.graphics.glutils.ShaderProgram.linkProgram()I
J  com.badlogic.gdx.graphics.glutils.ShaderProgram.compileShaders(Ljava/lang/String;Ljava/lang/String;)V
J  com.badlogic.gdx.graphics.glutils.ShaderProgram.<init>(Ljava/lang/String;Ljava/lang/String;)V
J  com.badlogic.gdx.graphics.glutils.ShapeRenderer.<init>(I)V
J  com.xl.gobang.view.ChessBoardView.draw(Lcom/badlogic/gdx/graphics/g2d/Batch;F)V
J  com.badlogic.gdx.scenes.scene2d.Group.drawChildren(Lcom/badlogic/gdx/graphics/g2d/Batch;F)V
J  com.badlogic.gdx.scenes.scene2d.Stage.draw()V
J  com.xl.gdx.XLGame.render()V
j  com.badlogic.gdx.backends.lwjgl.LwjglApplication.mainLoop()V+619
j  com.badlogic.gdx.backends.lwjgl.LwjglApplication$1.run()V+27
v  ~StubRoutines::call_stub

---------------  P R O C E S S  ---------------

Java Threads: ( => current thread )
  0x0f1d5c00 JavaThread "Timer-0" [_thread_blocked, id=7988, stack(0x0fe20000,0x0fe70000)]
  0x04e24400 JavaThread "WebsocketWriteThread" [_thread_blocked, id=7712, stack(0x0fd90000,0x0fde0000)]
  0x04b87800 JavaThread "LWJGL Timer" daemon [_thread_blocked, id=8188, stack(0x0f900000,0x0f950000)]
  0x04ba0400 JavaThread "Thread-1" [_thread_in_native, id=8736, stack(0x0f870000,0x0f8c0000)]
  0x023b9800 JavaThread "DestroyJavaVM" [_thread_blocked, id=7252, stack(0x01e30000,0x01e80000)]
=>0x04b52800 JavaThread "LWJGL Application" [_thread_in_native, id=8784, stack(0x051b0000,0x05200000)]
  0x0443e000 JavaThread "Low Memory Detector" daemon [_thread_blocked, id=7964, stack(0x047d0000,0x04820000)]
  0x04435400 JavaThread "CompilerThread0" daemon [_thread_blocked, id=6516, stack(0x04740000,0x04790000)]
  0x04434c00 JavaThread "Attach Listener" daemon [_thread_blocked, id=8480, stack(0x046b0000,0x04700000)]
  0x0442f400 JavaThread "Signal Dispatcher" daemon [_thread_blocked, id=7272, stack(0x04620000,0x04670000)]
  0x043e5800 JavaThread "Finalizer" daemon [_thread_blocked, id=7516, stack(0x04590000,0x045e0000)]
  0x043e4400 JavaThread "Reference Handler" daemon [_thread_blocked, id=8468, stack(0x04500000,0x04550000)]

Other Threads:
  0x043e2c00 VMThread [stack: 0x02340000,0x02390000] [id=3292]
  0x04450000 WatcherThread [stack: 0x04860000,0x048b0000] [id=8772]

VM state:not at safepoint (normal execution)

VM Mutex/Monitor currently owned by a thread: None

Heap
 def new generation   total 3968K, used 945K [0x24530000, 0x24970000, 0x24a10000)
  eden space 3584K,  20% used [0x24530000, 0x245eaeb0, 0x248b0000)
  from space 384K,  51% used [0x248b0000, 0x248e1580, 0x24910000)
  to   space 384K,   0% used [0x24910000, 0x24910000, 0x24970000)
 tenured generation   total 51380K, used 40434K [0x24a10000, 0x27c3d000, 0x28530000)
   the space 51380K,  78% used [0x24a10000, 0x2718c9e0, 0x2718ca00, 0x27c3d000)
 compacting perm gen  total 12288K, used 3247K [0x28530000, 0x29130000, 0x2c530000)
   the space 12288K,  26% used [0x28530000, 0x2885bde0, 0x2885be00, 0x29130000)
    ro space 8192K,  67% used [0x2c530000, 0x2ca92f30, 0x2ca93000, 0x2cd30000)
    rw space 12288K,  53% used [0x2cd30000, 0x2d3a0180, 0x2d3a0200, 0x2d930000)

Dynamic libraries:
0x00400000 - 0x00424000 	C:\Program Files (x86)\Java\jdk1.6.0_10\bin\javaw.exe
0x77a90000 - 0x77c13000 	C:\windows\SYSTEM32\ntdll.dll
0x76ff0000 - 0x770d0000 	C:\windows\System32\KERNEL32.DLL
0x776c0000 - 0x77861000 	C:\windows\System32\KERNELBASE.dll
0x76a50000 - 0x76ac7000 	C:\windows\System32\ADVAPI32.dll
0x74580000 - 0x7463e000 	C:\windows\System32\msvcrt.dll
0x769c0000 - 0x76a01000 	C:\windows\System32\sechost.dll
0x770e0000 - 0x771a1000 	C:\windows\System32\RPCRT4.dll
0x74550000 - 0x7456f000 	C:\windows\System32\SspiCli.dll
0x74540000 - 0x7454a000 	C:\windows\System32\CRYPTBASE.dll
0x773b0000 - 0x7740a000 	C:\windows\System32\bcryptPrimitives.dll
0x76b60000 - 0x76cbf000 	C:\windows\System32\USER32.dll
0x77960000 - 0x77975000 	C:\windows\System32\win32u.dll
0x771b0000 - 0x771db000 	C:\windows\System32\GDI32.dll
0x77560000 - 0x776ba000 	C:\windows\System32\gdi32full.dll
0x75ec0000 - 0x75ee5000 	C:\windows\System32\IMM32.DLL
0x7c340000 - 0x7c396000 	C:\Program Files (x86)\Java\jdk1.6.0_10\jre\bin\msvcr71.dll
0x6d8b0000 - 0x6db06000 	C:\Program Files (x86)\Java\jdk1.6.0_10\jre\bin\client\jvm.dll
0x6fc90000 - 0x6fcb4000 	C:\windows\SYSTEM32\WINMM.dll
0x6fc60000 - 0x6fc83000 	C:\windows\SYSTEM32\WINMMBASE.dll
0x76a10000 - 0x76a46000 	C:\windows\System32\cfgmgr32.dll
0x73af0000 - 0x73b82000 	C:\windows\system32\apphelp.dll
0x6d330000 - 0x6d338000 	C:\Program Files (x86)\Java\jdk1.6.0_10\jre\bin\hpi.dll
0x75e40000 - 0x75e46000 	C:\windows\System32\PSAPI.DLL
0x6d860000 - 0x6d86c000 	C:\Program Files (x86)\Java\jdk1.6.0_10\jre\bin\verify.dll
0x6d3d0000 - 0x6d3ef000 	C:\Program Files (x86)\Java\jdk1.6.0_10\jre\bin\java.dll
0x6d8a0000 - 0x6d8af000 	C:\Program Files (x86)\Java\jdk1.6.0_10\jre\bin\zip.dll
0x6cec0000 - 0x6cf3b000 	C:\Users\Administrator\AppData\Local\Temp\libgdxAdministrator\aa7dca21\gdx.dll
0x6e760000 - 0x6e773000 	C:\windows\SYSTEM32\CRYPTSP.dll
0x6e730000 - 0x6e75f000 	C:\windows\system32\rsaenh.dll
0x73670000 - 0x7368b000 	C:\windows\SYSTEM32\bcrypt.dll
0x73ef0000 - 0x73f0a000 	C:\windows\SYSTEM32\USERENV.dll
0x77410000 - 0x774f0000 	C:\windows\System32\ucrtbase.dll
0x74570000 - 0x7457f000 	C:\windows\System32\profapi.dll
0x6d6c0000 - 0x6d6d3000 	C:\Program Files (x86)\Java\jdk1.6.0_10\jre\bin\net.dll
0x75e50000 - 0x75eb3000 	C:\windows\System32\WS2_32.dll
0x73c10000 - 0x73c5e000 	C:\windows\system32\mswsock.dll
0x737c0000 - 0x737d2000 	C:\windows\system32\napinsp.dll
0x737a0000 - 0x737b6000 	C:\windows\system32\pnrpnsp.dll
0x73780000 - 0x73794000 	C:\windows\system32\NLAapi.dll
0x6e930000 - 0x6e9ad000 	C:\windows\SYSTEM32\DNSAPI.dll
0x77550000 - 0x77557000 	C:\windows\System32\NSI.dll
0x73eb0000 - 0x73edf000 	C:\windows\SYSTEM32\IPHLPAPI.DLL
0x73770000 - 0x7377c000 	C:\windows\System32\winrnr.dll
0x6e920000 - 0x6e928000 	C:\Windows\System32\rasadhlp.dll
0x6d5d0000 - 0x6d619000 	C:\windows\System32\fwpuclnt.dll
0x10000000 - 0x1004d000 	C:\Users\Administrator\AppData\Local\Temp\libgdxAdministrator\75ed6c88\lwjgl.dll
0x5ff80000 - 0x60060000 	C:\windows\SYSTEM32\OPENGL32.dll
0x73f10000 - 0x73f18000 	C:\windows\SYSTEM32\VERSION.dll
0x744a0000 - 0x74534000 	C:\windows\WinSxS\x86_microsoft.windows.common-controls_6595b64144ccf1df_5.82.14393.447_none_5507ded2cb4f7f4c\COMCTL32.dll
0x5ff50000 - 0x5ff75000 	C:\windows\SYSTEM32\GLU32.dll
0x63550000 - 0x6363d000 	C:\windows\SYSTEM32\DDRAW.dll
0x62b00000 - 0x62b07000 	C:\windows\SYSTEM32\DCIMAN32.dll
0x04f40000 - 0x04fa5000 	C:\Users\ADMINI~1\AppData\Local\Temp\libgdxAdministrator\75ed6c88\OpenAL32.dll
0x74a60000 - 0x75e38000 	C:\windows\System32\SHELL32.dll
0x75fe0000 - 0x7654e000 	C:\windows\System32\windows.storage.dll
0x74640000 - 0x74851000 	C:\windows\System32\combase.dll
0x77350000 - 0x77395000 	C:\windows\System32\powrprof.dll
0x74950000 - 0x74996000 	C:\windows\System32\shlwapi.dll
0x770d0000 - 0x770dd000 	C:\windows\System32\kernel.appcore.dll
0x76ad0000 - 0x76b58000 	C:\windows\System32\shcore.dll
0x75ef0000 - 0x75fdc000 	C:\windows\System32\ole32.dll
0x73b90000 - 0x73c05000 	C:\windows\system32\uxtheme.dll
0x77980000 - 0x77a04000 	C:\windows\System32\clbcatq.dll
0x6cac0000 - 0x6cc0f000 	C:\windows\System32\PROPSYS.dll
0x749c0000 - 0x74a55000 	C:\windows\System32\OLEAUT32.dll
0x77a10000 - 0x77a8b000 	C:\windows\System32\msvcp_win.dll
0x57130000 - 0x571b9000 	C:\windows\SYSTEM32\dsound.dll
0x67e30000 - 0x67e88000 	C:\windows\System32\MMDevApi.dll
0x67d30000 - 0x67d52000 	C:\windows\System32\DEVOBJ.dll
0x67e90000 - 0x67f0c000 	C:\windows\SYSTEM32\AUDIOSES.DLL
0x67d60000 - 0x67e2f000 	C:\windows\SYSTEM32\wintypes.dll
0x76e40000 - 0x76f75000 	C:\windows\System32\MSCTF.dll
0x73620000 - 0x7363f000 	C:\windows\system32\dwmapi.dll
0x51b20000 - 0x52697000 	C:\windows\System32\DriverStore\FileRepository\igdlh64.inf_amd64_fe73d2ebaa05fb95\ig9icd32.dll
0x73ee0000 - 0x73eef000 	C:\windows\SYSTEM32\WTSAPI32.dll
0x67900000 - 0x67983000 	C:\windows\SYSTEM32\dxgi.dll
0x66340000 - 0x663c5000 	C:\windows\SYSTEM32\mscms.dll
0x556c0000 - 0x556fd000 	C:\windows\SYSTEM32\icm32.dll
0x5cd80000 - 0x5e76e000 	C:\windows\System32\DriverStore\FileRepository\igdlh64.inf_amd64_fe73d2ebaa05fb95\igc32.dll
0x6b970000 - 0x6bac2000 	C:\Windows\System32\uiautomationcore.dll
0x68110000 - 0x68164000 	C:\Windows\System32\OLEACC.dll
0x6c2b0000 - 0x6c331000 	C:\windows\SYSTEM32\sxs.dll

VM Arguments:
jvm_args: -Djava.library.path=D:\workspace\GoBang\gobang-desktop\libs -Dfile.encoding=UTF-8 
java_command: com.mygdx.game.desktop.DesktopLauncher
Launcher Type: SUN_STANDARD

Environment Variables:
JAVA_HOME=C:\Program Files (x86)\Java\jdk1.6.0_10
CLASSPATH=;C:\Program Files (x86)\Java\jdk1.6.0_10\lib;C:\Program Files (x86)\Java\jdk1.6.0_10\lib\dt.jar;C:\Program Files (x86)\Java\jdk1.6.0_10\lib\tools.jar
PATH=D:/app/Java1.8/bin/client;D:/app/Java1.8/bin;D:/app/Java1.8/lib/i386;C:\ProgramData\Oracle\Java\javapath;C:\windows\system32;C:\windows;C:\windows\System32\Wbem;C:\windows\System32\WindowsPowerShell\v1.0\;D:\app\Git\cmd;C:\Program Files\TortoiseGit\bin;C:\Program Files (x86)\Java\jdk1.6.0_10\bin;C:\Program Files (x86)\Java\jdk1.6.0_10\jre\bin;C:\Users\Administrator\AppData\Local\Microsoft\WindowsApps;;C:\Program Files (x86)\Java\jdk1.6.0_10\bin;C:\Program Files (x86)\Java\jdk1.6.0_10\jre\bin;C:\Users\Administrator\AppData\Local\Android\Sdk\platform-tools;D:\app\eclipse;
USERNAME=Administrator
OS=Windows_NT
PROCESSOR_IDENTIFIER=Intel64 Family 6 Model 158 Stepping 11, GenuineIntel



---------------  S Y S T E M  ---------------

OS: Windows NT 6.2 Build 9200 

CPU:total 4 (8 cores per cpu, 2 threads per core) family 6 model 14 stepping 11, cmov, cx8, fxsr, mmx, sse, sse2, sse3, ssse3, ht

Memory: 4k page, physical 2097151k(2097151k free), swap 4194303k(2665004k free)

vm_info: Java HotSpot(TM) Client VM (11.0-b15) for windows-x86 JRE (1.6.0_10-rc2-b32), built on Sep 12 2008 00:52:11 by "java_re" with MS VC++ 7.1

time: Mon Apr 22 16:22:11 2019
elapsed time: 174 seconds

